5.6126 	WARNING 	We strongly recommend you activate the PTB sound engine in PsychoPy prefs as the preferred audio engine. Its timing is vastly superior. Your prefs are currently set to use ['sounddevice', 'PTB', 'pyo', 'pygame'] (in that order).
27.3145 	WARNING 	User requested fullscreen with size [1280  720], but screen is actually [1920, 1080]. Using actual size
31.3321 	EXP 	Created window1 = Window(allowGUI=False, allowStencil=False, autoLog=True, backendConf=UNKNOWN, bitsMode=UNKNOWN, blendMode='avg', bpc=(8, 8, 8), color=array([1., 1., 1.]), colorSpace='rgb', depthBits=8, fullscr=<method-wrapper '__getattribute__' of attributeSetter object at 0x0000029FCB5E14E0>, gamma=None, gammaErrorPolicy='raise', lms=UNKNOWN, monitor=<psychopy.monitors.calibTools.Monitor object at 0x0000029FCB5B2828>, multiSample=False, name='window1', numSamples=2, pos=[0.0, 0.0], screen=0, size=array([1920, 1080]), stencilBits=0, stereo=False, units='height', useFBO=True, useRetina=False, viewOri=0.0, viewPos=None, viewScale=None, waitBlanking=True, winType='pyglet')
31.3332 	EXP 	window1: mouseVisible = True
31.3333 	EXP 	window1: recordFrameIntervals = False
31.5367 	EXP 	window1: recordFrameIntervals = True
31.7679 	EXP 	window1: recordFrameIntervals = False
32.9669 	EXP 	Created image = ImageStim(__class__=<class 'psychopy.visual.image.ImageStim'>, autoLog=True, color=array([1., 1., 1.]), colorSpace='rgb', contrast=1.0, depth=0.0, flipHoriz=False, flipVert=False, image='sin', interpolate=True, mask=None, maskParams=None, name='image', opacity=1, ori=0.0, pos=array([0., 0.]), size=array([0.3, 0.3]), texRes=128.0, units='height', win=Window(...))
33.5682 	EXP 	Created text = TextStim(__class__=<class 'psychopy.visual.text.TextStim'>, alignHoriz=method-wrapper(...), alignText='center', alignVert=method-wrapper(...), anchorHoriz='center', anchorVert='center', antialias=True, autoLog=True, bold=False, color=array([-1., -1., -1.]), colorSpace='rgb', contrast=1.0, depth=-1.0, flipHoriz=False, flipVert=False, font='Open Sans', fontFiles=[], height=0.05, italic=False, languageStyle='LTR', name='text', opacity=1, ori=0.0, pos=array([ 0. , -0.4]), rgb=UNKNOWN, text='Press Anywhere to continue.', units='height', win=Window(...), wrapWidth=1)
33.5684 	EXP 	window1: mouseVisible = True
33.5740 	EXP 	Created text_4 = TextStim(__class__=<class 'psychopy.visual.text.TextStim'>, alignHoriz=method-wrapper(...), alignText='center', alignVert=method-wrapper(...), anchorHoriz='center', anchorVert='center', antialias=True, autoLog=True, bold=False, color=array([-1., -1., -1.]), colorSpace='rgb', contrast=1.0, depth=-4.0, flipHoriz=False, flipVert=False, font='Open Sans', fontFiles=[], height=0.07, italic=False, languageStyle='LTR', name='text_4', opacity=1, ori=0.0, pos=array([0. , 0.4]), rgb=UNKNOWN, text='', units='height', win=Window(...), wrapWidth=1)
33.6206 	EXP 	Sound sound_1 set volume 1.000
33.6255 	EXP 	Created image_2 = ImageStim(__class__=<class 'psychopy.visual.image.ImageStim'>, autoLog=True, color=array([1., 1., 1.]), colorSpace='rgb', contrast=1.0, depth=0.0, flipHoriz=False, flipVert=False, image='sin', interpolate=True, mask=None, maskParams=None, name='image_2', opacity=1, ori=0.0, pos=array([0., 0.]), size=array([0.3, 0.3]), texRes=128.0, units='height', win=Window(...))
33.6321 	EXP 	Created image_3 = ImageStim(__class__=<class 'psychopy.visual.image.ImageStim'>, autoLog=True, color=array([1., 1., 1.]), colorSpace='rgb', contrast=1.0, depth=-1.0, flipHoriz=False, flipVert=False, image='sin', interpolate=True, mask=None, maskParams=None, name='image_3', opacity=1, ori=0.0, pos=array([0., 0.]), size=array([0.3, 0.3]), texRes=128.0, units='height', win=Window(...))
33.6342 	EXP 	Created text_2 = TextStim(__class__=<class 'psychopy.visual.text.TextStim'>, alignHoriz=method-wrapper(...), alignText='center', alignVert=method-wrapper(...), anchorHoriz='center', anchorVert='center', antialias=True, autoLog=True, bold=False, color=array([-1., -1., -1.]), colorSpace='rgb', contrast=1.0, depth=-3.0, flipHoriz=False, flipVert=False, font='Open Sans', fontFiles=[], height=0.05, italic=False, languageStyle='LTR', name='text_2', opacity=1, ori=0.0, pos=array([0. , 0.4]), rgb=UNKNOWN, text='', units='height', win=Window(...), wrapWidth=1)
33.6343 	EXP 	window1: mouseVisible = True
33.6344 	EXP 	Sound sound_2 set volume 1.000
33.6377 	EXP 	Created text_3 = TextStim(__class__=<class 'psychopy.visual.text.TextStim'>, alignHoriz=method-wrapper(...), alignText='center', alignVert=method-wrapper(...), anchorHoriz='center', anchorVert='center', antialias=True, autoLog=True, bold=False, color=array([1., 1., 1.]), colorSpace='rgb', contrast=1.0, depth=0.0, flipHoriz=False, flipVert=False, font='Open Sans', fontFiles=[], height=0.1, italic=False, languageStyle='LTR', name='text_3', opacity=1, ori=0.0, pos=array([0., 0.]), rgb=UNKNOWN, text='', units='height', win=Window(...), wrapWidth=1)
33.6947 	EXP 	Created text_done = TextStim(__class__=<class 'psychopy.visual.text.TextStim'>, alignHoriz=method-wrapper(...), alignText='center', alignVert=method-wrapper(...), anchorHoriz='center', anchorVert='center', antialias=True, autoLog=True, bold=False, color=array([-1., -1., -1.]), colorSpace='rgb', contrast=1.0, depth=0.0, flipHoriz=False, flipVert=False, font='Open Sans', fontFiles=[], height=0.1, italic=False, languageStyle='LTR', name='text_done', opacity=1, ori=0.0, pos=array([0., 0.]), rgb=UNKNOWN, text=str(...), units='height', win=Window(...), wrapWidth=1)
33.7065 	EXP 	Imported experiment_conditions.csv as conditions, 10 conditions, 10 params
33.7109 	EXP 	Created sequence: random, trialTypes=10, nReps=1, seed=None
33.7116 	EXP 	New trial (rep=0, index=0): OrderedDict([('condition', 'and'), ('image_shown', 'known_objects/lamp.png'), ('image_to_select1', 'NOUN-2-600DPI/2010-600.jpg'), ('image_to_select2', 'known_objects/lamp.png'), ('image1_label', 'fimp'), ('image2_label', 'lamp'), ('text1', 'This is a lamp and a fimp.'), ('prompt1', 'Select the fimp.'), ('audio_text', 'audio/audio_text/amp_normed/Lamp_and_Fimp.wav'), ('audio_prompt', 'audio/audio_prompt/amp_normed/Lamp_and_Fimp.wav')])
33.8798 	EXP 	image: image = 'known_objects/lamp.png'
33.8798 	EXP 	text_4: text = 'This is a lamp and a fimp.'
33.8798 	EXP 	image: autoDraw = True
33.8798 	EXP 	text_4: autoDraw = True
34.2868 	EXP 	text: autoDraw = True
36.6612 	DATA 	Mouse: Left button down, pos=(909,494)
37.2419 	DATA 	Mouse:  Left button up, pos=(909,494)
37.2547 	EXP 	image: autoDraw = False
37.2547 	EXP 	text: autoDraw = False
37.2547 	EXP 	text_4: autoDraw = False
37.2547 	EXP 	image_2: pos = array([[-0.5,  0. ]])
37.2547 	EXP 	image_2: image = 'NOUN-2-600DPI/2010-600.jpg'
37.2547 	EXP 	image_3: pos = array([[0.5, 0. ]])
37.2547 	EXP 	image_3: image = 'known_objects/lamp.png'
37.2547 	EXP 	text_2: text = 'Select the fimp.'
37.2547 	EXP 	image_2: autoDraw = True
37.2547 	EXP 	image_3: autoDraw = True
37.2547 	EXP 	text_2: autoDraw = True
38.2345 	WARNING 	Got keycode {} but that code isn't yet known
38.2346 	WARNING 	Keypress was given unknown key code (176)
38.4673 	WARNING 	Got keycode {} but that code isn't yet known
38.4675 	WARNING 	Keypress was given unknown key code (176)
38.6716 	WARNING 	Got keycode {} but that code isn't yet known
38.6716 	WARNING 	Keypress was given unknown key code (176)
38.9035 	WARNING 	Got keycode {} but that code isn't yet known
38.9036 	WARNING 	Keypress was given unknown key code (176)
39.1325 	WARNING 	Got keycode {} but that code isn't yet known
39.1326 	WARNING 	Keypress was given unknown key code (176)
39.3630 	WARNING 	Got keycode {} but that code isn't yet known
39.3631 	WARNING 	Keypress was given unknown key code (176)
39.6957 	WARNING 	Got keycode {} but that code isn't yet known
39.6958 	WARNING 	Keypress was given unknown key code (176)
44.4581 	DATA 	Mouse: Left button down, pos=(1435,507)
44.5007 	EXP 	image_2: autoDraw = False
44.5007 	EXP 	image_3: autoDraw = False
44.5007 	EXP 	text_2: autoDraw = False
44.5007 	EXP 	text_3: autoDraw = True
44.5855 	DATA 	Mouse:  Left button up, pos=(1435,507)
45.0003 	EXP 	New trial (rep=0, index=1): OrderedDict([('condition', 'mutual_ex'), ('image_shown', 'known_objects/camera.png'), ('image_to_select1', 'NOUN-2-600DPI/2041-600.jpg'), ('image_to_select2', 'known_objects/camera.png'), ('image1_label', 'hux'), ('image2_label', 'camera'), ('text1', 'This is a camera.'), ('prompt1', 'Select the hux.'), ('audio_text', 'audio/audio_text/amp_normed/Camera.wav'), ('audio_prompt', 'audio/audio_prompt/amp_normed/Camera.wav')])
45.6789 	EXP 	text_3: autoDraw = False
45.6789 	EXP 	image: image = 'known_objects/camera.png'
45.6789 	EXP 	text_4: text = 'This is a camera.'
45.6789 	EXP 	image: autoDraw = True
45.6789 	EXP 	text_4: autoDraw = True
46.1598 	EXP 	text: autoDraw = True
47.6760 	DATA 	Mouse: Left button down, pos=(900,335)
48.3700 	DATA 	Mouse:  Left button up, pos=(900,335)
48.3842 	EXP 	image: autoDraw = False
48.3842 	EXP 	text: autoDraw = False
48.3842 	EXP 	text_4: autoDraw = False
48.3842 	EXP 	image_2: pos = array([[0.5, 0. ]])
48.3842 	EXP 	image_2: image = 'NOUN-2-600DPI/2041-600.jpg'
48.3842 	EXP 	image_3: pos = array([[-0.5,  0. ]])
48.3842 	EXP 	image_3: image = 'known_objects/camera.png'
48.3842 	EXP 	text_2: text = 'Select the hux.'
48.3842 	EXP 	image_2: autoDraw = True
48.3842 	EXP 	image_3: autoDraw = True
48.3842 	EXP 	text_2: autoDraw = True
51.1209 	DATA 	Mouse: Left button down, pos=(1475,543)
51.1568 	EXP 	image_2: autoDraw = False
51.1568 	EXP 	image_3: autoDraw = False
51.1568 	EXP 	text_2: autoDraw = False
51.1568 	EXP 	text_3: autoDraw = True
51.2366 	DATA 	Mouse:  Left button up, pos=(1475,543)
51.4408 	DATA 	Keypress: escape
51.8670 	EXP 	window1: mouseVisible = True
