6.2815 	DEBUG 	Fullscreen settings ignored as running in pilot mode.
6.2821 	INFO 	Loaded monitor calibration from ['2023_01_22 19:25']
6.5003 	EXP 	Created window1 = Window(allowGUI=True, allowStencil=False, autoLog=True, backendConf=UNKNOWN, backgroundFit=<method-wrapper '__getattribute__' of attributeSetter object at 0x000001FA99D7CB20>, backgroundImage=<method-wrapper '__getattribute__' of attributeSetter object at 0x000001FA99D7CAC0>, bitsMode=UNKNOWN, blendMode='avg', bpc=(8, 8, 8), color=array([1., 1., 1.]), colorSpace='rgb', depthBits=8, fullscr=<method-wrapper '__getattribute__' of attributeSetter object at 0x000001FA99D7C910>, gamma=None, gammaErrorPolicy='raise', infoMsg=UNKNOWN, lms=UNKNOWN, monitor=<psychopy.monitors.calibTools.Monitor object at 0x000001FA9A2266D0>, multiSample=False, name='window1', numSamples=2, pos=[560.0, 240.0], screen=0, size=array([800, 600]), stencilBits=0, stereo=False, title='PsychoPy', units='height', useFBO=True, useRetina=False, viewOri=0.0, viewPos=None, viewScale=None, waitBlanking=True, winType='pyglet')
6.5004 	EXP 	window1: mouseVisible = True
6.5004 	EXP 	window1: backgroundImage = ''
6.5004 	EXP 	window1: backgroundFit = 'none'
6.5005 	EXP 	window1: mouseVisible = True
6.5007 	EXP 	window1: mouseVisible = True
6.5025 	EXP 	window1: mouseVisible = True
6.5031 	EXP 	window1: mouseVisible = True
6.5084 	DEBUG 	TextBox2 loaded 1 chars with 0 blanks and 1 valid
6.5096 	DEBUG 	TextBox2 loaded 1 chars with 0 blanks and 1 valid
6.5110 	DEBUG 	TextBox2 loaded 1 chars with 0 blanks and 1 valid
6.5127 	DEBUG 	TextBox2 loaded 1 chars with 0 blanks and 1 valid
6.5141 	DEBUG 	TextBox2 loaded 1 chars with 0 blanks and 1 valid
6.5151 	DEBUG 	TextBox2 loaded 1 chars with 0 blanks and 1 valid
6.5163 	DEBUG 	TextBox2 loaded 1 chars with 0 blanks and 1 valid
6.5178 	DEBUG 	TextBox2 loaded 1 chars with 0 blanks and 1 valid
6.5186 	DEBUG 	TextBox2 loaded 1 chars with 0 blanks and 1 valid
6.5194 	DEBUG 	TextBox2 loaded 1 chars with 0 blanks and 1 valid
6.5206 	DEBUG 	TextBox2 loaded 1 chars with 0 blanks and 1 valid
6.5219 	DEBUG 	TextBox2 loaded 1 chars with 0 blanks and 1 valid
6.5231 	DEBUG 	TextBox2 loaded 1 chars with 0 blanks and 1 valid
6.5243 	DEBUG 	TextBox2 loaded 1 chars with 0 blanks and 1 valid
6.5255 	DEBUG 	TextBox2 loaded 1 chars with 0 blanks and 1 valid
6.5267 	DEBUG 	TextBox2 loaded 1 chars with 0 blanks and 1 valid
6.5280 	DEBUG 	TextBox2 loaded 1 chars with 0 blanks and 1 valid
6.5289 	DEBUG 	TextBox2 loaded 1 chars with 0 blanks and 1 valid
6.5299 	DEBUG 	TextBox2 loaded 1 chars with 0 blanks and 1 valid
6.5314 	DEBUG 	TextBox2 loaded 1 chars with 0 blanks and 1 valid
6.5323 	DEBUG 	TextBox2 loaded 1 chars with 0 blanks and 1 valid
6.5326 	DEBUG 	Uploading Texture Font fontname to graphics card
6.5353 	DEBUG 	Upload of Texture Font fontname complete
6.5367 	EXP 	window1: mouseVisible = True
6.5370 	EXP 	window1: mouseVisible = True
6.5376 	EXP 	window1: mouseVisible = True
6.5383 	EXP 	window1: mouseVisible = True
6.5428 	DEBUG 	TextBox2 loaded 1 chars with 0 blanks and 1 valid
6.5443 	DEBUG 	TextBox2 loaded 1 chars with 0 blanks and 1 valid
6.5458 	DEBUG 	TextBox2 loaded 1 chars with 0 blanks and 1 valid
6.5461 	DEBUG 	Uploading Texture Font fontname to graphics card
6.5469 	DEBUG 	Upload of Texture Font fontname complete
6.5490 	EXP 	window1: Attempting to measure frame rate of screen (0) ...
6.5490 	EXP 	window1: recordFrameIntervals = False
6.7264 	EXP 	window1: recordFrameIntervals = True
6.9098 	EXP 	Screen (0) actual frame rate measured at 59.88Hz
6.9098 	EXP 	window1: recordFrameIntervals = False
6.9099 	EXP 	window1: mouseVisible = False
6.9107 	EXP 	window1: mouseVisible = True
6.9109 	EXP 	window1: mouseVisible = True
6.9117 	EXP 	window1: mouseVisible = True
6.9122 	EXP 	window1: mouseVisible = True
6.9164 	DEBUG 	TextBox2 loaded 1 chars with 0 blanks and 1 valid
6.9175 	DEBUG 	TextBox2 loaded 1 chars with 0 blanks and 1 valid
6.9189 	DEBUG 	TextBox2 loaded 1 chars with 0 blanks and 1 valid
6.9205 	DEBUG 	TextBox2 loaded 1 chars with 0 blanks and 1 valid
6.9221 	DEBUG 	TextBox2 loaded 1 chars with 0 blanks and 1 valid
6.9237 	DEBUG 	TextBox2 loaded 1 chars with 0 blanks and 1 valid
6.9247 	DEBUG 	TextBox2 loaded 1 chars with 0 blanks and 1 valid
6.9261 	DEBUG 	TextBox2 loaded 1 chars with 0 blanks and 1 valid
6.9277 	DEBUG 	TextBox2 loaded 1 chars with 0 blanks and 1 valid
6.9292 	DEBUG 	TextBox2 loaded 1 chars with 0 blanks and 1 valid
6.9296 	DEBUG 	Uploading Texture Font fontname to graphics card
6.9300 	DEBUG 	Upload of Texture Font fontname complete
6.9317 	EXP 	window1: mouseVisible = True
6.9318 	EXP 	window1: mouseVisible = True
6.9324 	EXP 	window1: mouseVisible = True
6.9329 	EXP 	window1: mouseVisible = True
6.9787 	WARNING 	launchHubServer: If using the iohub mouse or eyetracker devices, fullScr should be True.
9.4468 	INFO 	keyboard.Keyboard is using iohub backend.
9.4988 	INFO 	keyboard.Keyboard is using iohub backend.
9.4988 	EXP 	Metalinguistic Conjunctives: status = STARTED
9.4989 	EXP 	window1: mouseVisible = True
9.5055 	EXP 	Created image = ImageStim(__class__=<class 'psychopy.visual.image.ImageStim'>, anchor=('center', 'center'), autoLog=True, color=array([1., 1., 1.]), colorSpace='rgb', contrast=1.0, depth=0.0, draggable=False, flipHoriz=False, flipVert=False, image='default.png', interpolate=True, mask=None, maskParams=None, name='image', opacity=1.0, ori=0.0, pos=array([0., 0.]), size=array([0.3, 0.3]), texRes=128.0, units='height', win=Window(...))
9.5057 	EXP 	window1: mouseVisible = True
9.5533 	EXP 	Created text = TextStim(__class__=<class 'psychopy.visual.text.TextStim'>, alignHoriz=method-wrapper(...), alignText='center', alignVert=method-wrapper(...), anchorHoriz='center', anchorVert='center', antialias=True, autoDraw=False, autoLog=True, bold=False, color=array([-1., -1., -1.]), colorSpace='rgb', contrast=1.0, depth=-1.0, draggable=False, flipHoriz=False, flipVert=False, font='Open Sans', fontFiles=[], height=0.05, italic=False, languageStyle='LTR', name='text', opacity=1.0, ori=0.0, pos=array([ 0. , -0.4]), rgb=UNKNOWN, text='Press Anywhere to continue.', units='height', win=Window(...), wrapWidth=1)
9.5534 	EXP 	window1: mouseVisible = True
9.5535 	EXP 	window1: mouseVisible = True
9.5548 	EXP 	Created text_4 = TextStim(__class__=<class 'psychopy.visual.text.TextStim'>, alignHoriz=method-wrapper(...), alignText='center', alignVert=method-wrapper(...), anchorHoriz='center', anchorVert='center', antialias=True, autoDraw=False, autoLog=True, bold=False, color=array([-1., -1., -1.]), colorSpace='rgb', contrast=1.0, depth=-4.0, draggable=False, flipHoriz=False, flipVert=False, font='Open Sans', fontFiles=[], height=0.07, italic=False, languageStyle='LTR', name='text_4', opacity=1.0, ori=0.0, pos=array([0. , 0.4]), rgb=UNKNOWN, text='', units='height', win=Window(...), wrapWidth=1)
9.5882 	EXP 	Sound sound_1 set volume 1.000
9.5883 	EXP 	window1: mouseVisible = True
9.5934 	EXP 	Created image_2 = ImageStim(__class__=<class 'psychopy.visual.image.ImageStim'>, anchor=('center', 'center'), autoLog=True, color=array([1., 1., 1.]), colorSpace='rgb', contrast=1.0, depth=0.0, draggable=False, flipHoriz=False, flipVert=False, image='default.png', interpolate=True, mask=None, maskParams=None, name='image_2', opacity=1.0, ori=0.0, pos=array([0., 0.]), size=array([0.3, 0.3]), texRes=128.0, units='height', win=Window(...))
9.5934 	EXP 	window1: mouseVisible = True
9.5974 	EXP 	Created image_3 = ImageStim(__class__=<class 'psychopy.visual.image.ImageStim'>, anchor=('center', 'center'), autoLog=True, color=array([1., 1., 1.]), colorSpace='rgb', contrast=1.0, depth=-1.0, draggable=False, flipHoriz=False, flipVert=False, image='default.png', interpolate=True, mask=None, maskParams=None, name='image_3', opacity=1.0, ori=0.0, pos=array([0., 0.]), size=array([0.3, 0.3]), texRes=128.0, units='height', win=Window(...))
9.5975 	EXP 	window1: mouseVisible = True
9.5986 	EXP 	Created text_2 = TextStim(__class__=<class 'psychopy.visual.text.TextStim'>, alignHoriz=method-wrapper(...), alignText='center', alignVert=method-wrapper(...), anchorHoriz='center', anchorVert='center', antialias=True, autoDraw=False, autoLog=True, bold=False, color=array([-1., -1., -1.]), colorSpace='rgb', contrast=1.0, depth=-3.0, draggable=False, flipHoriz=False, flipVert=False, font='Open Sans', fontFiles=[], height=0.05, italic=False, languageStyle='LTR', name='text_2', opacity=1.0, ori=0.0, pos=array([0. , 0.4]), rgb=UNKNOWN, text='', units='height', win=Window(...), wrapWidth=1)
9.5986 	EXP 	window1: mouseVisible = True
9.6088 	EXP 	Sound sound_2 set volume 1.000
9.6089 	EXP 	window1: mouseVisible = True
9.6109 	EXP 	Created text_3 = TextStim(__class__=<class 'psychopy.visual.text.TextStim'>, alignHoriz=method-wrapper(...), alignText='center', alignVert=method-wrapper(...), anchorHoriz='center', anchorVert='center', antialias=True, autoDraw=False, autoLog=True, bold=False, color=array([1., 1., 1.]), colorSpace='rgb', contrast=1.0, depth=0.0, draggable=False, flipHoriz=False, flipVert=False, font='Open Sans', fontFiles=[], height=0.1, italic=False, languageStyle='LTR', name='text_3', opacity=1.0, ori=0.0, pos=array([0., 0.]), rgb=UNKNOWN, text='', units='height', win=Window(...), wrapWidth=1)
9.6110 	EXP 	window1: mouseVisible = True
9.6260 	EXP 	Created text_done = TextStim(__class__=<class 'psychopy.visual.text.TextStim'>, alignHoriz=method-wrapper(...), alignText='center', alignVert=method-wrapper(...), anchorHoriz='center', anchorVert='center', antialias=True, autoDraw=False, autoLog=True, bold=False, color=array([-1., -1., -1.]), colorSpace='rgb', contrast=1.0, depth=0.0, draggable=False, flipHoriz=False, flipVert=False, font='Open Sans', fontFiles=[], height=0.1, italic=False, languageStyle='LTR', name='text_done', opacity=1.0, ori=0.0, pos=array([0., 0.]), rgb=UNKNOWN, text=str(...), units='height', win=Window(...), wrapWidth=1)
0.1203 	DEBUG 	Read csv file with pandas: experiment_conditions.csv
0.1209 	DEBUG 	Clearing unnamed columns from experiment_conditions.csv
0.1218 	EXP 	Imported experiment_conditions.csv as conditions, 10 conditions, 10 params
0.1221 	EXP 	Created sequence: random, trialTypes=10, nReps=1, seed=None
0.1222 	EXP 	New trial (rep=0, index=0): OrderedDict([('condition', 'label'), ('image_shown', 'NOUN-2-600DPI/2017-600.jpg'), ('image_to_select1', 'NOUN-2-600DPI/2017-600.jpg'), ('image_to_select2', 'known_objects/wrench.png'), ('image1_label', 'jang'), ('image2_label', 'wrench'), ('text1', 'This is a jang.'), ('prompt1', 'Choose the Jang.'), ('audio_text', 'audio/audio_text/amp_normed/Jang.wav'), ('audio_prompt', 'audio/audio_prompt/amp_normed/Jang.wav')])
0.4141 	EXP 	Sound sound_1 started
0.4331 	EXP 	image: image = 'NOUN-2-600DPI/2017-600.jpg'
0.4331 	EXP 	text_4: height = 0.07
0.4331 	EXP 	text_4: height = 0.07
0.4331 	EXP 	text_4: height = 0.07
0.4331 	EXP 	text_4: text = 'This is a jang.'
0.4331 	EXP 	image: autoDraw = True
0.4331 	EXP 	text_4: autoDraw = True
0.5010 	EXP 	text: autoDraw = True
0.9715 	DATA 	Mouse: Left button down, pos=(415,262)
1.0014 	EXP 	Sound sound_1 stopped
1.0014 	EXP 	Sound sound_1 paused
1.2843 	EXP 	Sound sound_2 started
1.2792 	DATA 	Mouse:  Left button up, pos=(415,262)
1.2828 	EXP 	image: autoDraw = False
1.2828 	EXP 	text: autoDraw = False
1.2828 	EXP 	text_4: autoDraw = False
1.2828 	EXP 	image_2: image = 'NOUN-2-600DPI/2017-600.jpg'
1.2828 	EXP 	image_3: image = 'known_objects/wrench.png'
1.2828 	EXP 	text_2: height = 0.05
1.2828 	EXP 	text_2: height = 0.05
1.2828 	EXP 	text_2: height = 0.05
1.2828 	EXP 	text_2: text = 'Choose the Jang.'
1.2828 	EXP 	image_2: autoDraw = True
1.2828 	EXP 	image_3: autoDraw = True
1.2828 	EXP 	text_2: autoDraw = True
2.8921 	EXP 	Sound sound_2 reached end of file
4.6369 	DATA 	Keypress: escape
4.7371 	EXP 	Metalinguistic Conjunctives: status = STOPPED
4.7510 	EXP 	image_2: autoDraw = False
4.7510 	EXP 	image_3: autoDraw = False
4.7510 	EXP 	text_2: autoDraw = False
4.7530 	EXP 	Metalinguistic Conjunctives: status = STOPPED
4.7557 	INFO 	saved data to 'D:\\PhD Stuff\\Linguistics Stuff\\metaconjunctive\\metaconjunctive\\data/_Metalinguistic Conjunctives_2024-05-15_13h59.23.962.csv'
4.7561 	INFO 	saved data to D:\PhD Stuff\Linguistics Stuff\metaconjunctive\metaconjunctive\data/_Metalinguistic Conjunctives_2024-05-15_13h59.23.962.psydat
4.7860 	EXP 	window1: mouseVisible = True
5.2844 	DEBUG 	Saving data for Metalinguistic Conjunctives ExperimentHandler
